This is pdfTeX, Version 3.14159265-2.6-1.40.20 (TeX Live 2019/Debian) (preloaded format=pdflatex 2021.1.2)  2 JAN 2021 22:03
entering extended mode
 restricted \write18 enabled.
 %&-line parsing enabled.
**document.tex
(./document.tex
LaTeX2e <2020-02-02> patch level 2
L3 programming layer <2020-02-14>
(/usr/share/texlive/texmf-dist/tex/latex/base/article.cls
Document Class: article 2019/12/20 v1.4l Standard LaTeX document class
(/usr/share/texlive/texmf-dist/tex/latex/base/size10.clo
File: size10.clo 2019/12/20 v1.4l Standard LaTeX file (size option)
)
\c@part=\count167
\c@section=\count168
\c@subsection=\count169
\c@subsubsection=\count170
\c@paragraph=\count171
\c@subparagraph=\count172
\c@figure=\count173
\c@table=\count174
\abovecaptionskip=\skip47
\belowcaptionskip=\skip48
\bibindent=\dimen134
)
(/usr/share/texlive/texmf-dist/tex/latex/base/fontenc.sty
Package: fontenc 2020/02/11 v2.0o Standard LaTeX package
)
(/usr/share/texlive/texmf-dist/tex/generic/babel/babel.sty
Package: babel 2020/02/14 3.40 The Babel package

(/usr/share/texlive/texmf-dist/tex/generic/babel/switch.def
File: switch.def 2020/02/14 3.40 Babel switching mechanism
)
(/usr/share/texlive/texmf-dist/tex/generic/babel-polish/polish.ldf
Language: polish 2005/03/31 v1.2l Polish support from the babel system

(/usr/share/texlive/texmf-dist/tex/generic/babel/babel.def
File: babel.def 2020/02/14 3.40 Babel common definitions
\babel@savecnt=\count175
\U@D=\dimen135

(/usr/share/texlive/texmf-dist/tex/generic/babel/txtbabel.def)
\bbl@readstream=\read2
\bbl@dirlevel=\count176
)
Package babel Info: Making " an active character on input line 83.
\pl@left=\dimen136
\pl@down=\dimen137
\pl@right=\dimen138
\pl@temp=\dimen139
))
(/usr/share/texlive/texmf-dist/tex/latex/base/inputenc.sty
Package: inputenc 2018/08/11 v1.3c Input encoding file
\inpenc@prehook=\toks14
\inpenc@posthook=\toks15
)
(/usr/share/texlive/texmf-dist/tex/latex/graphics/graphicx.sty
Package: graphicx 2019/11/30 v1.2a Enhanced LaTeX Graphics (DPC,SPQR)

(/usr/share/texlive/texmf-dist/tex/latex/graphics/keyval.sty
Package: keyval 2014/10/28 v1.15 key=value parser (DPC)
\KV@toks@=\toks16
)
(/usr/share/texlive/texmf-dist/tex/latex/graphics/graphics.sty
Package: graphics 2019/11/30 v1.4a Standard LaTeX Graphics (DPC,SPQR)

(/usr/share/texlive/texmf-dist/tex/latex/graphics/trig.sty
Package: trig 2016/01/03 v1.10 sin cos tan (DPC)
)
(/usr/share/texlive/texmf-dist/tex/latex/graphics-cfg/graphics.cfg
File: graphics.cfg 2016/06/04 v1.11 sample graphics configuration
)
Package graphics Info: Driver file: pdftex.def on input line 105.

(/usr/share/texlive/texmf-dist/tex/latex/graphics-def/pdftex.def
File: pdftex.def 2018/01/08 v1.0l Graphics/color driver for pdftex
))
\Gin@req@height=\dimen140
\Gin@req@width=\dimen141
)
(/usr/share/texlive/texmf-dist/tex/latex/l3backend/l3backend-pdfmode.def
File: l3backend-pdfmode.def 2020-02-03 L3 backend support: PDF mode
\l__kernel_color_stack_int=\count177
\l__pdf_internal_box=\box45
)
(./document.aux)
\openout1 = `document.aux'.

LaTeX Font Info:    Checking defaults for OML/cmm/m/it on input line 12.
LaTeX Font Info:    ... okay on input line 12.
LaTeX Font Info:    Checking defaults for OMS/cmsy/m/n on input line 12.
LaTeX Font Info:    ... okay on input line 12.
LaTeX Font Info:    Checking defaults for OT1/cmr/m/n on input line 12.
LaTeX Font Info:    ... okay on input line 12.
LaTeX Font Info:    Checking defaults for T1/cmr/m/n on input line 12.
LaTeX Font Info:    ... okay on input line 12.
LaTeX Font Info:    Checking defaults for TS1/cmr/m/n on input line 12.
LaTeX Font Info:    ... okay on input line 12.
LaTeX Font Info:    Checking defaults for OMX/cmex/m/n on input line 12.
LaTeX Font Info:    ... okay on input line 12.
LaTeX Font Info:    Checking defaults for U/cmr/m/n on input line 12.
LaTeX Font Info:    ... okay on input line 12.

(/usr/share/texlive/texmf-dist/tex/context/base/mkii/supp-pdf.mkii
[Loading MPS to PDF converter (version 2006.09.02).]
\scratchcounter=\count178
\scratchdimen=\dimen142
\scratchbox=\box46
\nofMPsegments=\count179
\nofMParguments=\count180
\everyMPshowfont=\toks17
\MPscratchCnt=\count181
\MPscratchDim=\dimen143
\MPnumerator=\count182
\makeMPintoPDFobject=\count183
\everyMPtoPDFconversion=\toks18
) (/usr/share/texlive/texmf-dist/tex/latex/epstopdf-pkg/epstopdf-base.sty
Package: epstopdf-base 2020-01-24 v2.11 Base part for package epstopdf
Package epstopdf-base Info: Redefining graphics rule for `.eps' on input line 4
85.

(/usr/share/texlive/texmf-dist/tex/latex/latexconfig/epstopdf-sys.cfg
File: epstopdf-sys.cfg 2010/07/13 v1.3 Configuration of (r)epstopdf for TeX Liv
e
))
LaTeX Font Info:    External font `cmex10' loaded for size
(Font)              <12> on input line 14.
LaTeX Font Info:    External font `cmex10' loaded for size
(Font)              <8> on input line 14.
LaTeX Font Info:    External font `cmex10' loaded for size
(Font)              <6> on input line 14.
<images/main_view.jpg, id=1, 1084.05pt x 2348.775pt>
File: images/main_view.jpg Graphic file (type jpg)
<use images/main_view.jpg>
Package pdftex.def Info: images/main_view.jpg  used on input line 36.
(pdftex.def)             Requested size: 103.50105pt x 224.24696pt.


LaTeX Warning: `!h' float specifier changed to `!ht'.

<images/analyze_view.jpg, id=2, 1084.05pt x 2348.775pt>
File: images/analyze_view.jpg Graphic file (type jpg)
<use images/analyze_view.jpg>
Package pdftex.def Info: images/analyze_view.jpg  used on input line 42.
(pdftex.def)             Requested size: 103.50105pt x 224.24696pt.

LaTeX Warning: `!h' float specifier changed to `!ht'.

<images/analyze_view_2.jpg, id=3, 1084.05pt x 2348.775pt>
File: images/analyze_view_2.jpg Graphic file (type jpg)
<use images/analyze_view_2.jpg>
Package pdftex.def Info: images/analyze_view_2.jpg  used on input line 48.
(pdftex.def)             Requested size: 103.50105pt x 224.24696pt.

LaTeX Warning: `!h' float specifier changed to `!ht'.

<images/capture_preferences.jpg, id=4, 1084.05pt x 2348.775pt>
File: images/capture_preferences.jpg Graphic file (type jpg)
<use images/capture_preferences.jpg>
Package pdftex.def Info: images/capture_preferences.jpg  used on input line 54.

(pdftex.def)             Requested size: 103.50105pt x 224.24696pt.

LaTeX Warning: `!h' float specifier changed to `!ht'.

<images/capture_view.jpg, id=5, 1084.05pt x 2348.775pt>
File: images/capture_view.jpg Graphic file (type jpg)
<use images/capture_view.jpg>
Package pdftex.def Info: images/capture_view.jpg  used on input line 60.
(pdftex.def)             Requested size: 103.50105pt x 224.24696pt.

LaTeX Warning: `!h' float specifier changed to `!ht'.

[1

{/var/lib/texmf/fonts/map/pdftex/updmap/pdftex.map}]

LaTeX Warning: Text page 2 contains only floats.

[2 <./images/main_view.jpg> <./images/analyze_view.jpg>] [3 <./images/analyze_v
iew_2.jpg> <./images/capture_preferences.jpg>] [4 <./images/capture_view.jpg>]
[5

]
<images/detection_1.png, id=30, 1050.92625pt x 577.40718pt>
File: images/detection_1.png Graphic file (type png)
<use images/detection_1.png>
Package pdftex.def Info: images/detection_1.png  used on input line 86.
(pdftex.def)             Requested size: 241.49895pt x 132.6775pt.
<images/detection_2.png, id=32, 1055.44313pt x 580.41844pt>
File: images/detection_2.png Graphic file (type png)
<use images/detection_2.png>
Package pdftex.def Info: images/detection_2.png  used on input line 87.
(pdftex.def)             Requested size: 241.49895pt x 132.80263pt.
 [6 <./images/detection_1.png> <./images/detection_2.png>] [7]
(./document.aux) ) 
Here is how much of TeX's memory you used:
 2133 strings out of 483148
 29347 string characters out of 5965417
 269649 words of memory out of 5000000
 17157 multiletter control sequences out of 15000+600000
 541564 words of font info for 42 fonts, out of 8000000 for 9000
 34 hyphenation exceptions out of 8191
 30i,5n,27p,449b,228s stack positions out of 5000i,500n,10000p,200000b,80000s
 </home/slawek/.texlive2019/texmf-var/fonts/pk/ljfour/jknappe
n/ec/ecbx1200.600pk> </home/slawek/.texlive2019/texmf-var/fonts/pk/ljfour/jknap
pen/ec/tcrm1000.600pk> </home/slawek/.texlive2019/texmf-var/fonts/pk/ljfour/jkn
appen/ec/ecrm1000.600pk> </home/slawek/.texlive2019/texmf-var/fonts/pk/ljfour/j
knappen/ec/ecbx1440.600pk> </home/slawek/.texlive2019/texmf-var/fonts/pk/ljfour
/jknappen/ec/ecbx0900.600pk> </home/slawek/.texlive2019/texmf-var/fonts/pk/ljfo
ur/jknappen/ec/ecrm1200.600pk> </home/slawek/.texlive2019/texmf-var/fonts/pk/lj
four/jknappen/ec/ecrm1728.600pk>
Output written on document.pdf (7 pages, 5873515 bytes).
PDF statistics:
 233 PDF objects out of 1000 (max. 8388607)
 47 compressed objects within 1 object stream
 0 named destinations out of 1000 (max. 500000)
 36 words of extra memory for PDF output out of 10000 (max. 10000000)

